<?xml version="1.0" encoding="UTF-8"?>
<testng-results ignored="0" total="1" passed="1" failed="0" skipped="0">
  <reporter-output>
    <line>
      <![CDATA[<br><img src='F:\eclipse-workspace\Sprint-2OpenTable\target\Destination\img1607013149659_01.png' height='300' width='300'/><br>]]>
    </line>
    <line>
      <![CDATA[<br><img src='F:\eclipse-workspace\Sprint-2OpenTable\target\Destination\img1607013158585_01.png' height='300' width='300'/><br>]]>
    </line>
    <line>
      <![CDATA[<br><img src='F:\eclipse-workspace\Sprint-2OpenTable\target\Destination\img1607013160897_01.png' height='300' width='300'/><br>]]>
    </line>
    <line>
      <![CDATA[<br><img src='F:\eclipse-workspace\Sprint-2OpenTable\target\Destination\img1607013163196_01.png' height='300' width='300'/><br>]]>
    </line>
    <line>
      <![CDATA[<br><img src='F:\eclipse-workspace\Sprint-2OpenTable\target\Destination\img1607013170626_01.png' height='300' width='300'/><br>]]>
    </line>
  </reporter-output>
  <suite started-at="2020-12-03T08:31:52 GMT-08:00" name="Default suite" finished-at="2020-12-03T08:32:55 GMT-08:00" duration-ms="62371">
    <groups>
      <group name="cucumber">
        <method signature="AbstractTestNGCucumberTests.feature(cucumber.api.testng.CucumberFeatureWrapper)[pri:0, instance:runner.TestRunner@2b662a77]" name="feature" class="cucumber.api.testng.AbstractTestNGCucumberTests"/>
      </group> <!-- cucumber -->
    </groups>
    <test started-at="2020-12-03T08:31:52 GMT-08:00" name="Default test" finished-at="2020-12-03T08:32:55 GMT-08:00" duration-ms="62371">
      <class name="runner.TestRunner">
        <test-method is-config="true" signature="setUpClass()[pri:0, instance:runner.TestRunner@2b662a77]" started-at="2020-12-03T08:31:52 GMT-08:00" name="setUpClass" finished-at="2020-12-03T08:31:53 GMT-08:00" duration-ms="523" status="PASS">
          <reporter-output>
          </reporter-output>
        </test-method> <!-- setUpClass -->
        <test-method signature="feature(cucumber.api.testng.CucumberFeatureWrapper)[pri:0, instance:runner.TestRunner@2b662a77]" started-at="2020-12-03T08:31:53 GMT-08:00" name="feature" description="Runs Cucumber Feature" data-provider="features" finished-at="2020-12-03T08:32:51 GMT-08:00" duration-ms="57614" status="PASS">
          <params>
            <param index="0">
              <value>
                <![CDATA[Table booking]]>
              </value>
            </param>
          </params>
          <reporter-output>
            <line>
              <![CDATA[<br><img src='F:\eclipse-workspace\Sprint-2OpenTable\target\Destination\img1607013149659_01.png' height='300' width='300'/><br>]]>
            </line>
            <line>
              <![CDATA[<br><img src='F:\eclipse-workspace\Sprint-2OpenTable\target\Destination\img1607013158585_01.png' height='300' width='300'/><br>]]>
            </line>
            <line>
              <![CDATA[<br><img src='F:\eclipse-workspace\Sprint-2OpenTable\target\Destination\img1607013160897_01.png' height='300' width='300'/><br>]]>
            </line>
            <line>
              <![CDATA[<br><img src='F:\eclipse-workspace\Sprint-2OpenTable\target\Destination\img1607013163196_01.png' height='300' width='300'/><br>]]>
            </line>
            <line>
              <![CDATA[<br><img src='F:\eclipse-workspace\Sprint-2OpenTable\target\Destination\img1607013170626_01.png' height='300' width='300'/><br>]]>
            </line>
          </reporter-output>
        </test-method> <!-- feature -->
        <test-method is-config="true" signature="tearDownClass()[pri:0, instance:runner.TestRunner@2b662a77]" started-at="2020-12-03T08:32:51 GMT-08:00" name="tearDownClass" finished-at="2020-12-03T08:32:55 GMT-08:00" duration-ms="3948" status="PASS">
          <reporter-output>
          </reporter-output>
        </test-method> <!-- tearDownClass -->
      </class> <!-- runner.TestRunner -->
    </test> <!-- Default test -->
  </suite> <!-- Default suite -->
</testng-results>
